TN:
SF:controllers\authController.js
FN:4,(anonymous_0)
FN:21,(anonymous_1)
FN:40,(anonymous_2)
FNF:3
FNH:3
FNDA:5,(anonymous_0)
FNDA:6,(anonymous_1)
FNDA:3,(anonymous_2)
DA:1,5
DA:2,5
DA:4,5
DA:5,5
DA:6,5
DA:7,5
DA:8,4
DA:9,2
DA:11,2
DA:12,2
DA:13,2
DA:14,2
DA:15,2
DA:17,1
DA:21,5
DA:22,6
DA:23,6
DA:24,6
DA:25,6
DA:26,2
DA:28,4
DA:29,4
DA:30,2
DA:32,2
DA:33,2
DA:34,2
DA:36,0
DA:40,5
DA:41,3
DA:42,3
DA:43,3
DA:44,1
DA:46,2
DA:48,0
LF:34
LH:32
BRDA:8,0,0,2
BRDA:8,0,1,2
BRDA:25,1,0,2
BRDA:25,1,1,4
BRDA:29,2,0,2
BRDA:29,2,1,2
BRDA:43,3,0,1
BRDA:43,3,1,2
BRF:8
BRH:8
end_of_record
TN:
SF:controllers\exportController.js
FN:5,(anonymous_0)
FN:18,(anonymous_1)
FN:38,(anonymous_2)
FN:54,(anonymous_3)
FN:65,(anonymous_4)
FNF:5
FNH:4
FNDA:2,(anonymous_0)
FNDA:2,(anonymous_1)
FNDA:2,(anonymous_2)
FNDA:2,(anonymous_3)
FNDA:0,(anonymous_4)
DA:1,4
DA:2,4
DA:3,4
DA:5,4
DA:6,2
DA:7,2
DA:8,2
DA:18,2
DA:28,2
DA:29,2
DA:30,2
DA:31,2
DA:33,0
DA:38,4
DA:39,2
DA:40,2
DA:42,2
DA:45,2
DA:46,2
DA:49,2
DA:51,2
DA:52,2
DA:54,2
DA:55,2
DA:65,0
DA:69,2
DA:71,0
LF:27
LH:24
BRDA:21,0,0,2
BRDA:21,0,1,0
BRDA:22,1,0,1
BRDA:22,1,1,1
BRDA:59,2,0,2
BRDA:59,2,1,0
BRDA:61,3,0,1
BRDA:61,3,1,1
BRDA:64,4,0,1
BRDA:64,4,1,1
BRDA:65,5,0,2
BRDA:65,5,1,2
BRF:12
BRH:10
end_of_record
TN:
SF:controllers\notificationController.js
FN:3,(anonymous_0)
FN:14,(anonymous_1)
FN:31,(anonymous_2)
FN:43,(anonymous_3)
FN:65,(anonymous_4)
FNF:5
FNH:0
FNDA:0,(anonymous_0)
FNDA:0,(anonymous_1)
FNDA:0,(anonymous_2)
FNDA:0,(anonymous_3)
FNDA:0,(anonymous_4)
DA:1,4
DA:3,4
DA:4,0
DA:5,0
DA:8,0
DA:10,0
DA:14,4
DA:15,0
DA:16,0
DA:17,0
DA:22,0
DA:23,0
DA:25,0
DA:27,0
DA:31,4
DA:32,0
DA:33,0
DA:37,0
DA:39,0
DA:43,4
DA:44,0
DA:45,0
DA:46,0
DA:48,0
DA:53,0
DA:54,0
DA:55,0
DA:58,0
DA:60,0
DA:61,0
DA:65,4
DA:66,0
DA:67,0
DA:68,0
DA:70,0
DA:71,0
LF:36
LH:6
BRDA:22,0,0,0
BRDA:22,0,1,0
BRDA:53,1,0,0
BRDA:53,1,1,0
BRF:4
BRH:0
end_of_record
TN:
SF:controllers\tagController.js
FN:3,(anonymous_0)
FN:12,(anonymous_1)
FN:27,(anonymous_2)
FN:41,(anonymous_3)
FNF:4
FNH:4
FNDA:3,(anonymous_0)
FNDA:4,(anonymous_1)
FNDA:2,(anonymous_2)
FNDA:2,(anonymous_3)
DA:1,4
DA:3,4
DA:4,3
DA:5,3
DA:6,3
DA:8,0
DA:12,4
DA:13,4
DA:14,4
DA:15,4
DA:16,4
DA:17,1
DA:19,3
DA:20,3
DA:21,3
DA:23,0
DA:27,4
DA:28,2
DA:29,2
DA:30,2
DA:31,2
DA:32,2
DA:33,1
DA:35,1
DA:37,0
DA:41,4
DA:42,2
DA:43,2
DA:44,2
DA:45,2
DA:46,1
DA:48,1
DA:50,0
LF:33
LH:29
BRDA:16,0,0,1
BRDA:16,0,1,3
BRDA:32,1,0,1
BRDA:32,1,1,1
BRDA:45,2,0,1
BRDA:45,2,1,1
BRF:6
BRH:6
end_of_record
TN:
SF:controllers\taskController.js
FN:4,(anonymous_0)
FN:32,(anonymous_1)
FN:64,(anonymous_2)
FN:77,(anonymous_3)
FN:98,(anonymous_4)
FN:115,(anonymous_5)
FN:130,(anonymous_6)
FNF:7
FNH:7
FNDA:7,(anonymous_0)
FNDA:3,(anonymous_1)
FNDA:2,(anonymous_2)
FNDA:16,(anonymous_3)
FNDA:1,(anonymous_4)
FNDA:2,(anonymous_5)
FNDA:2,(anonymous_6)
DA:1,4
DA:2,4
DA:4,4
DA:5,7
DA:6,7
DA:7,7
DA:8,7
DA:9,6
DA:10,7
DA:11,7
DA:13,7
DA:19,7
DA:20,1
DA:21,1
DA:22,1
DA:23,1
DA:25,7
DA:26,7
DA:28,0
DA:32,4
DA:33,3
DA:34,3
DA:35,3
DA:36,3
DA:37,3
DA:38,3
DA:39,3
DA:40,3
DA:41,3
DA:42,3
DA:45,3
DA:51,3
DA:58,3
DA:60,0
DA:64,4
DA:65,2
DA:66,2
DA:67,2
DA:68,2
DA:78,16
DA:80,2
DA:89,2
DA:90,0
DA:92,2
DA:94,0
DA:98,4
DA:99,1
DA:100,1
DA:101,1
DA:102,1
DA:103,0
DA:107,1
DA:109,1
DA:111,0
DA:115,4
DA:116,2
DA:117,2
DA:118,2
DA:119,2
DA:120,0
DA:122,2
DA:123,2
DA:124,2
DA:126,0
DA:130,4
DA:131,2
DA:132,2
DA:133,2
DA:137,2
DA:138,1
DA:140,1
DA:142,0
LF:72
LH:63
BRDA:8,0,0,1
BRDA:8,0,1,6
BRDA:9,1,0,1
BRDA:9,1,1,5
BRDA:10,2,0,1
BRDA:10,2,1,6
BRDA:11,3,0,1
BRDA:11,3,1,6
BRDA:19,4,0,1
BRDA:19,4,1,6
BRDA:19,5,0,7
BRDA:19,5,1,6
BRDA:20,6,0,1
BRDA:20,6,1,0
BRDA:21,7,0,1
BRDA:21,7,1,0
BRDA:36,8,0,1
BRDA:36,8,1,2
BRDA:37,9,0,1
BRDA:37,9,1,2
BRDA:38,10,0,1
BRDA:38,10,1,2
BRDA:39,11,0,1
BRDA:39,11,1,2
BRDA:40,12,0,0
BRDA:40,12,1,3
BRDA:55,13,0,1
BRDA:55,13,1,2
BRDA:55,14,0,1
BRDA:55,14,1,2
BRDA:78,15,0,4
BRDA:78,15,1,12
BRDA:89,16,0,0
BRDA:89,16,1,2
BRDA:102,17,0,0
BRDA:102,17,1,1
BRDA:119,18,0,0
BRDA:119,18,1,2
BRDA:137,19,0,1
BRDA:137,19,1,1
BRF:40
BRH:34
end_of_record
TN:
SF:controllers\userController.js
FN:3,(anonymous_0)
FNF:1
FNH:0
FNDA:0,(anonymous_0)
DA:1,4
DA:3,4
DA:4,0
DA:5,0
DA:6,0
DA:7,0
DA:8,0
DA:9,0
DA:10,0
DA:11,0
DA:12,0
DA:14,0
DA:15,0
DA:16,0
DA:18,0
LF:15
LH:2
BRDA:7,0,0,0
BRDA:7,0,1,0
BRDA:8,1,0,0
BRDA:8,1,1,0
BRDA:9,2,0,0
BRDA:9,2,1,0
BRDA:11,3,0,0
BRDA:11,3,1,0
BRF:8
BRH:0
end_of_record
TN:
SF:middleware\auth.js
FN:4,(anonymous_0)
FNF:1
FNH:1
FNDA:46,(anonymous_0)
DA:1,5
DA:2,5
DA:4,5
DA:5,46
DA:6,46
DA:7,7
DA:12,39
DA:13,39
DA:14,39
DA:15,36
DA:17,36
DA:18,36
DA:19,1
DA:22,35
DA:23,35
DA:24,35
DA:26,3
DA:27,3
LF:18
LH:18
BRDA:6,0,0,7
BRDA:6,0,1,39
BRDA:6,1,0,46
BRDA:6,1,1,40
BRDA:18,2,0,1
BRDA:18,2,1,35
BRF:6
BRH:6
end_of_record
TN:
SF:middleware\corsConfig.js
FNF:0
FNH:0
DA:1,4
DA:3,4
DA:10,4
LF:3
LH:3
BRF:0
BRH:0
end_of_record
TN:
SF:middleware\errorHandler.js
FN:1,(anonymous_0)
FNF:1
FNH:0
FNDA:0,(anonymous_0)
DA:1,4
DA:2,0
DA:3,0
DA:4,0
LF:4
LH:1
BRDA:3,0,0,0
BRDA:3,0,1,0
BRDA:4,1,0,0
BRDA:4,1,1,0
BRF:4
BRH:0
end_of_record
TN:
SF:middleware\validate.js
FN:3,(anonymous_0)
FNF:1
FNH:1
FNDA:21,(anonymous_0)
DA:1,4
DA:3,4
DA:4,21
DA:5,21
DA:6,5
DA:8,16
LF:6
LH:6
BRDA:5,0,0,5
BRDA:5,0,1,16
BRF:2
BRH:2
end_of_record
TN:
SF:models\Notification.js
FNF:0
FNH:0
DA:1,4
DA:3,4
DA:31,4
LF:3
LH:3
BRF:0
BRH:0
end_of_record
TN:
SF:models\Tag.js
FNF:0
FNH:0
DA:1,4
DA:3,4
DA:18,4
DA:20,4
LF:4
LH:4
BRF:0
BRH:0
end_of_record
TN:
SF:models\Task.js
FNF:0
FNH:0
DA:1,4
DA:3,4
DA:49,4
DA:50,4
DA:52,4
LF:5
LH:5
BRF:0
BRH:0
end_of_record
TN:
SF:models\User.js
FN:26,(anonymous_0)
FN:36,(anonymous_1)
FNF:2
FNH:2
FNDA:67,(anonymous_0)
FNDA:3,(anonymous_1)
DA:1,7
DA:2,7
DA:4,7
DA:26,7
DA:27,67
DA:28,1
DA:30,66
DA:31,66
DA:32,66
DA:36,7
DA:37,3
DA:40,7
LF:12
LH:12
BRDA:27,0,0,1
BRDA:27,0,1,66
BRF:2
BRH:2
end_of_record
TN:
SF:routes\auth.js
FNF:0
FNH:0
DA:1,4
DA:2,4
DA:7,4
DA:11,4
DA:12,4
DA:13,4
DA:15,4
DA:16,4
DA:17,4
DA:19,4
LF:10
LH:10
BRF:0
BRH:0
end_of_record
TN:
SF:routes\export.js
FNF:0
FNH:0
DA:1,4
DA:2,4
DA:3,4
DA:4,4
DA:6,4
DA:7,4
DA:8,4
DA:10,4
LF:8
LH:8
BRF:0
BRH:0
end_of_record
TN:
SF:routes\notifications.js
FNF:0
FNH:0
DA:1,4
DA:2,4
DA:3,4
DA:10,4
DA:12,4
DA:13,4
DA:14,4
DA:15,4
DA:16,4
DA:17,4
DA:19,4
LF:11
LH:11
BRF:0
BRH:0
end_of_record
TN:
SF:routes\tags.js
FNF:0
FNH:0
DA:1,4
DA:2,4
DA:3,4
DA:9,4
DA:10,4
DA:11,4
DA:13,4
DA:14,4
DA:15,4
DA:16,4
DA:17,4
DA:19,4
LF:12
LH:12
BRF:0
BRH:0
end_of_record
TN:
SF:routes\tasks.js
FNF:0
FNH:0
DA:1,4
DA:2,4
DA:3,4
DA:11,4
DA:15,4
DA:16,4
DA:18,4
DA:19,4
DA:20,4
DA:21,4
DA:22,4
DA:23,4
DA:24,4
DA:26,4
LF:14
LH:14
BRF:0
BRH:0
end_of_record
TN:
SF:routes\users.js
FNF:0
FNH:0
DA:1,4
DA:2,4
DA:3,4
DA:4,4
DA:5,4
DA:6,4
DA:8,4
DA:9,4
DA:11,4
LF:9
LH:9
BRF:0
BRH:0
end_of_record
TN:
SF:utils\exportCSV.js
FN:3,(anonymous_0)
FNF:1
FNH:1
FNDA:2,(anonymous_0)
DA:1,4
DA:3,4
DA:4,2
DA:5,2
LF:4
LH:4
BRF:0
BRH:0
end_of_record
